strcmp("./devilishFruit", "./devilishFruit")                                                          = 0
strcmp("COLORFGBG=15;0", "PWD=/tmp/gogear5")                                                          = -13
strcmp("COLORTERM=truecolor", "PWD=/tmp/gogear5")                                                     = -13
strcmp("COMMAND_NOT_FOUND_INSTALL_PROMPT"..., "PWD=/tmp/gogear5")                                     = -13
strcmp("DBUS_SESSION_BUS_ADDRESS=unix:pa"..., "PWD=/tmp/gogear5")                                     = -12
strcmp("DESKTOP_SESSION=lightdm-xsession"..., "PWD=/tmp/gogear5")                                     = -12
strcmp("DISPLAY=:0.0", "PWD=/tmp/gogear5")                                                            = -12
strcmp("DOTNET_CLI_TELEMETRY_OPTOUT=1", "PWD=/tmp/gogear5")                                           = -12
strcmp("GDMSESSION=lightdm-xsession", "PWD=/tmp/gogear5")                                             = -9
strcmp("HOME=/home/kali", "PWD=/tmp/gogear5")                                                         = -8
strcmp("LANG=en_US.UTF-8", "PWD=/tmp/gogear5")                                                        = -4
strcmp("LANGUAGE=", "PWD=/tmp/gogear5")                                                               = -4
strcmp("LOGNAME=kali", "PWD=/tmp/gogear5")                                                            = -4
strcmp("NMAP_PRIVILEGED=", "PWD=/tmp/gogear5")                                                        = -2
strcmp("PANEL_GDK_CORE_DEVICE_EVENTS=0", "PWD=/tmp/gogear5")                                          = -22
strcmp("PATH=/home/kali/.local/bin:/usr/"..., "PWD=/tmp/gogear5")                                     = -22
strcmp("POWERSHELL_TELEMETRY_OPTOUT=1", "PWD=/tmp/gogear5")                                           = -8
strcmp("POWERSHELL_UPDATECHECK=Off", "PWD=/tmp/gogear5")                                              = -8
strcmp("PWD=/tmp/gogear5", "PWD=/tmp/gogear5")                                                        = 0
strcmp("QT_ACCESSIBILITY=1", "PWD=/tmp/gogear5")                                                      = 1
strcmp("QT_AUTO_SCREEN_SCALE_FACTOR=0", "PWD=/tmp/gogear5")                                           = 1
strcmp("QT_QPA_PLATFORMTHEME=qt5ct", "PWD=/tmp/gogear5")                                              = 1
strcmp("SESSION_MANAGER=local/kali:@/tmp"..., "PWD=/tmp/gogear5")                                     = 3
strcmp("SHELL=/usr/bin/zsh", "PWD=/tmp/gogear5")                                                      = 3
strcmp("SHLVL=1", "PWD=/tmp/gogear5")                                                                 = 3
strcmp("SSH_AGENT_PID=1052", "PWD=/tmp/gogear5")                                                      = 3
strcmp("SSH_AUTH_SOCK=/home/kali/.ssh/ag"..., "PWD=/tmp/gogear5")                                     = 3
strcmp("TERM=xterm-256color", "PWD=/tmp/gogear5")                                                     = 4
strcmp("USER=kali", "PWD=/tmp/gogear5")                                                               = 5
strcmp("WINDOWID=0", "PWD=/tmp/gogear5")                                                              = 7
strcmp("XAUTHORITY=/home/kali/.Xauthorit"..., "PWD=/tmp/gogear5")                                     = 8
strcmp("XDG_CACHE_HOME=/home/kali/.cache"..., "PWD=/tmp/gogear5")                                     = 8
strcmp("XDG_CONFIG_DIRS=/etc/xdg", "PWD=/tmp/gogear5")                                                = 8
strcmp("XDG_CONFIG_HOME=/home/kali/.conf"..., "PWD=/tmp/gogear5")                                     = 8
strcmp("XDG_CURRENT_DESKTOP=XFCE", "PWD=/tmp/gogear5")                                                = 8
strcmp("XDG_DATA_DIRS=/usr/share/xfce4:/"..., "PWD=/tmp/gogear5")                                     = 8
strcmp("XDG_GREETER_DATA_DIR=/var/lib/li"..., "PWD=/tmp/gogear5")                                     = 8
strcmp("XDG_MENU_PREFIX=xfce-", "PWD=/tmp/gogear5")                                                   = 8
strcmp("XDG_RUNTIME_DIR=/run/user/1000", "PWD=/tmp/gogear5")                                          = 8
strcmp("XDG_SEAT=seat0", "PWD=/tmp/gogear5")                                                          = 8
strcmp("XDG_SEAT_PATH=/org/freedesktop/D"..., "PWD=/tmp/gogear5")                                     = 8
strcmp("XDG_SESSION_CLASS=user", "PWD=/tmp/gogear5")                                                  = 8
strcmp("XDG_SESSION_DESKTOP=lightdm-xses"..., "PWD=/tmp/gogear5")                                     = 8
strcmp("XDG_SESSION_ID=2", "PWD=/tmp/gogear5")                                                        = 8
strcmp("XDG_SESSION_PATH=/org/freedeskto"..., "PWD=/tmp/gogear5")                                     = 8
strcmp("XDG_SESSION_TYPE=x11", "PWD=/tmp/gogear5")                                                    = 8
strcmp("XDG_VTNR=7", "PWD=/tmp/gogear5")                                                              = 8
strcmp("OLDPWD=/tmp/gogear5", "PWD=/tmp/gogear5")                                                     = -1
strcmp("LS_COLORS=rs=0:di=01;34:ln=01;36"..., "PWD=/tmp/gogear5")                                     = -4
strcmp("LESS_TERMCAP_mb=\033[1;31m", "PWD=/tmp/gogear5")                                              = -4
strcmp("LESS_TERMCAP_md=\033[1;36m", "PWD=/tmp/gogear5")                                              = -4
strcmp("LESS_TERMCAP_me=\033[0m", "PWD=/tmp/gogear5")                                                 = -4
strcmp("LESS_TERMCAP_so=\033[01;33m", "PWD=/tmp/gogear5")                                             = -4
strcmp("LESS_TERMCAP_se=\033[0m", "PWD=/tmp/gogear5")                                                 = -4
strcmp("LESS_TERMCAP_us=\033[1;32m", "PWD=/tmp/gogear5")                                              = -4
strcmp("LESS_TERMCAP_ue=\033[0m", "PWD=/tmp/gogear5")                                                 = -4
strcmp("ONE_PIECE=IS_REAL", "PWD=/tmp/gogear5")                                                       = -1
strcmp("_=/usr/bin/ltrace", "PWD=/tmp/gogear5")                                                       = 15
strcmp("COLORFGBG=15;0", "ONE_PIECE=IS_REAL")                                                         = -12
strcmp("COLORTERM=truecolor", "ONE_PIECE=IS_REAL")                                                    = -12
strcmp("COMMAND_NOT_FOUND_INSTALL_PROMPT"..., "ONE_PIECE=IS_REAL")                                    = -12
strcmp("DBUS_SESSION_BUS_ADDRESS=unix:pa"..., "ONE_PIECE=IS_REAL")                                    = -11
strcmp("DESKTOP_SESSION=lightdm-xsession"..., "ONE_PIECE=IS_REAL")                                    = -11
strcmp("DISPLAY=:0.0", "ONE_PIECE=IS_REAL")                                                           = -11
strcmp("DOTNET_CLI_TELEMETRY_OPTOUT=1", "ONE_PIECE=IS_REAL")                                          = -11
strcmp("GDMSESSION=lightdm-xsession", "ONE_PIECE=IS_REAL")                                            = -8
strcmp("HOME=/home/kali", "ONE_PIECE=IS_REAL")                                                        = -7
strcmp("LANG=en_US.UTF-8", "ONE_PIECE=IS_REAL")                                                       = -3
strcmp("LANGUAGE=", "ONE_PIECE=IS_REAL")                                                              = -3
strcmp("LOGNAME=kali", "ONE_PIECE=IS_REAL")                                                           = -3
strcmp("NMAP_PRIVILEGED=", "ONE_PIECE=IS_REAL")                                                       = -1
strcmp("PANEL_GDK_CORE_DEVICE_EVENTS=0", "ONE_PIECE=IS_REAL")                                         = 1
strcmp("PATH=/home/kali/.local/bin:/usr/"..., "ONE_PIECE=IS_REAL")                                    = 1
strcmp("POWERSHELL_TELEMETRY_OPTOUT=1", "ONE_PIECE=IS_REAL")                                          = 1
strcmp("POWERSHELL_UPDATECHECK=Off", "ONE_PIECE=IS_REAL")                                             = 1
strcmp("PWD=/tmp/gogear5", "ONE_PIECE=IS_REAL")                                                       = 1
strcmp("QT_ACCESSIBILITY=1", "ONE_PIECE=IS_REAL")                                                     = 2
strcmp("QT_AUTO_SCREEN_SCALE_FACTOR=0", "ONE_PIECE=IS_REAL")                                          = 2
strcmp("QT_QPA_PLATFORMTHEME=qt5ct", "ONE_PIECE=IS_REAL")                                             = 2
strcmp("SESSION_MANAGER=local/kali:@/tmp"..., "ONE_PIECE=IS_REAL")                                    = 4
strcmp("SHELL=/usr/bin/zsh", "ONE_PIECE=IS_REAL")                                                     = 4
strcmp("SHLVL=1", "ONE_PIECE=IS_REAL")                                                                = 4
strcmp("SSH_AGENT_PID=1052", "ONE_PIECE=IS_REAL")                                                     = 4
strcmp("SSH_AUTH_SOCK=/home/kali/.ssh/ag"..., "ONE_PIECE=IS_REAL")                                    = 4
strcmp("TERM=xterm-256color", "ONE_PIECE=IS_REAL")                                                    = 5
strcmp("USER=kali", "ONE_PIECE=IS_REAL")                                                              = 6
strcmp("WINDOWID=0", "ONE_PIECE=IS_REAL")                                                             = 8
strcmp("XAUTHORITY=/home/kali/.Xauthorit"..., "ONE_PIECE=IS_REAL")                                    = 9
strcmp("XDG_CACHE_HOME=/home/kali/.cache"..., "ONE_PIECE=IS_REAL")                                    = 9
strcmp("XDG_CONFIG_DIRS=/etc/xdg", "ONE_PIECE=IS_REAL")                                               = 9
strcmp("XDG_CONFIG_HOME=/home/kali/.conf"..., "ONE_PIECE=IS_REAL")                                    = 9
strcmp("XDG_CURRENT_DESKTOP=XFCE", "ONE_PIECE=IS_REAL")                                               = 9
strcmp("XDG_DATA_DIRS=/usr/share/xfce4:/"..., "ONE_PIECE=IS_REAL")                                    = 9
strcmp("XDG_GREETER_DATA_DIR=/var/lib/li"..., "ONE_PIECE=IS_REAL")                                    = 9
strcmp("XDG_MENU_PREFIX=xfce-", "ONE_PIECE=IS_REAL")                                                  = 9
strcmp("XDG_RUNTIME_DIR=/run/user/1000", "ONE_PIECE=IS_REAL")                                         = 9
strcmp("XDG_SEAT=seat0", "ONE_PIECE=IS_REAL")                                                         = 9
strcmp("XDG_SEAT_PATH=/org/freedesktop/D"..., "ONE_PIECE=IS_REAL")                                    = 9
strcmp("XDG_SESSION_CLASS=user", "ONE_PIECE=IS_REAL")                                                 = 9
strcmp("XDG_SESSION_DESKTOP=lightdm-xses"..., "ONE_PIECE=IS_REAL")                                    = 9
strcmp("XDG_SESSION_ID=2", "ONE_PIECE=IS_REAL")                                                       = 9
strcmp("XDG_SESSION_PATH=/org/freedeskto"..., "ONE_PIECE=IS_REAL")                                    = 9
strcmp("XDG_SESSION_TYPE=x11", "ONE_PIECE=IS_REAL")                                                   = 9
strcmp("XDG_VTNR=7", "ONE_PIECE=IS_REAL")                                                             = 9
strcmp("OLDPWD=/tmp/gogear5", "ONE_PIECE=IS_REAL")                                                    = -2
strcmp("LS_COLORS=rs=0:di=01;34:ln=01;36"..., "ONE_PIECE=IS_REAL")                                    = -3
strcmp("LESS_TERMCAP_mb=\033[1;31m", "ONE_PIECE=IS_REAL")                                             = -3
strcmp("LESS_TERMCAP_md=\033[1;36m", "ONE_PIECE=IS_REAL")                                             = -3
strcmp("LESS_TERMCAP_me=\033[0m", "ONE_PIECE=IS_REAL")                                                = -3
strcmp("LESS_TERMCAP_so=\033[01;33m", "ONE_PIECE=IS_REAL")                                            = -3
strcmp("LESS_TERMCAP_se=\033[0m", "ONE_PIECE=IS_REAL")                                                = -3
strcmp("LESS_TERMCAP_us=\033[1;32m", "ONE_PIECE=IS_REAL")                                             = -3
strcmp("LESS_TERMCAP_ue=\033[0m", "ONE_PIECE=IS_REAL")                                                = -3
strcmp("ONE_PIECE=IS_REAL", "ONE_PIECE=IS_REAL")                                                      = 0
strcmp("_=/usr/bin/ltrace", "ONE_PIECE=IS_REAL")                                                      = 16
snprintf("./devilishFruitPWD=/tmp/gogear5O"..., 392, "%s%s%s", "./devilishFruit", "PWD=/tmp/gogear5", "ONE_PIECE=IS_REAL") = 48
strlen("./devilishFruitPWD=/tmp/gogear5O"...)                                                         = 48
printf("The legends have been proven tru"...)                                                         = 84
+++ exited (status 0) +++
